2024-09-24 14:28:36.343 [main] INFO  com.calculator.Calculator - Initializing Calculator App
2024-09-24 14:28:36.345 [main] INFO  com.calculator.Calculator - Printing operations
2024-09-24 14:28:39.840 [main] INFO  com.calculator.Calculator - User input: 1
2024-09-24 14:28:41.232 [main] INFO  com.calculator.Calculator - Calculating square root of 4.0
2024-09-24 14:28:41.233 [main] INFO  com.calculator.Calculator - Answer: 2.0
2024-09-24 14:28:41.233 [main] INFO  com.calculator.Calculator - Printing operations
2024-09-24 14:28:48.703 [main] INFO  com.calculator.Calculator - User input: 2
2024-09-24 14:28:49.704 [main] INFO  com.calculator.Calculator - Calculating factorial of 4
2024-09-24 14:28:49.704 [main] INFO  com.calculator.Calculator - Answer: 24.0
2024-09-24 14:28:49.705 [main] INFO  com.calculator.Calculator - Printing operations
2024-09-24 14:28:51.840 [main] INFO  com.calculator.Calculator - User input: 5
2024-09-24 14:28:51.840 [main] INFO  com.calculator.Calculator - Answer: 0.0
2024-09-24 14:28:51.840 [main] INFO  com.calculator.Calculator - Printing operations
2024-09-24 14:28:58.488 [main] INFO  com.calculator.Calculator - User input: -1
2024-09-24 14:28:58.488 [main] INFO  com.calculator.Calculator - Terminate Calculator App
2024-10-16 06:24:08.559 [main] INFO  com.calculator.Calculator - Initializing Calculator App
2024-10-16 06:24:08.561 [main] INFO  com.calculator.Calculator - Printing operations
2024-10-16 06:24:11.150 [main] INFO  com.calculator.Calculator - User input: -1
2024-10-16 06:24:11.150 [main] INFO  com.calculator.Calculator - Terminate Calculator App
2024-10-16 06:32:23.017 [main] INFO  com.calculator.Calculator - Initializing Calculator App
2024-10-16 06:32:23.018 [main] INFO  com.calculator.Calculator - Printing operations
2024-10-16 06:32:24.851 [main] INFO  com.calculator.Calculator - User input: 1
2024-10-16 06:32:26.804 [main] INFO  com.calculator.Calculator - Calculating square root of 25
2024-10-16 06:32:26.804 [main] INFO  com.calculator.Calculator - Answer: 5.0
2024-10-16 06:32:26.804 [main] INFO  com.calculator.Calculator - Printing operations
2024-10-16 06:32:30.139 [main] INFO  com.calculator.Calculator - User input: 2
2024-10-16 06:32:31.803 [main] INFO  com.calculator.Calculator - Calculating factorial of 6
2024-10-16 06:32:31.803 [main] INFO  com.calculator.Calculator - Answer: 720.0
2024-10-16 06:32:31.804 [main] INFO  com.calculator.Calculator - Printing operations
2024-10-16 06:32:35.331 [main] INFO  com.calculator.Calculator - User input: 3
2024-10-16 06:46:06.225 [main] INFO  com.calculator.Calculator - Initializing Calculator App
2024-10-16 06:46:06.226 [main] INFO  com.calculator.Calculator - Printing operations
2024-10-16 06:46:09.812 [main] INFO  com.calculator.Calculator - User input: 4
2024-10-16 06:46:15.076 [main] INFO  com.calculator.Calculator - Calculating 3 raised to the power of 7
2024-10-16 06:46:15.077 [main] INFO  com.calculator.Calculator - Answer: 2187.0
2024-10-16 06:46:15.077 [main] INFO  com.calculator.Calculator - Printing operations
2024-10-16 06:46:21.565 [main] INFO  com.calculator.Calculator - User input: -1
2024-10-16 06:46:21.565 [main] INFO  com.calculator.Calculator - Terminate Calculator App
